<?xml version="1.0" encoding="UTF-8"?>
<testsuite xmlns:xsi="http://www.w3.org/2001/XMLSchema-instance" xsi:noNamespaceSchemaLocation="https://maven.apache.org/surefire/maven-surefire-plugin/xsd/surefire-test-report-3.0.xsd" version="3.0" name="TestSuite" time="67.893" tests="1" errors="0" skipped="0" failures="1">
  <properties>
    <property name="sun.desktop" value="windows"/>
    <property name="awt.toolkit" value="sun.awt.windows.WToolkit"/>
    <property name="java.specification.version" value="10"/>
    <property name="file.encoding.pkg" value="sun.io"/>
    <property name="sun.cpu.isalist" value="amd64"/>
    <property name="sun.jnu.encoding" value="Cp1252"/>
    <property name="java.class.path" value="C:\Users\Qadir\eclipse-workspace\Selenium Udemy\AppiumFramework\target\test-classes;C:\Users\Qadir\eclipse-workspace\Selenium Udemy\AppiumFramework\target\classes;C:\Users\Qadir\.m2\repository\io\appium\java-client\7.5.1\java-client-7.5.1.jar;C:\Users\Qadir\.m2\repository\org\seleniumhq\selenium\selenium-java\3.141.59\selenium-java-3.141.59.jar;C:\Users\Qadir\.m2\repository\org\seleniumhq\selenium\selenium-chrome-driver\3.141.59\selenium-chrome-driver-3.141.59.jar;C:\Users\Qadir\.m2\repository\org\seleniumhq\selenium\selenium-edge-driver\3.141.59\selenium-edge-driver-3.141.59.jar;C:\Users\Qadir\.m2\repository\org\seleniumhq\selenium\selenium-firefox-driver\3.141.59\selenium-firefox-driver-3.141.59.jar;C:\Users\Qadir\.m2\repository\org\seleniumhq\selenium\selenium-ie-driver\3.141.59\selenium-ie-driver-3.141.59.jar;C:\Users\Qadir\.m2\repository\org\seleniumhq\selenium\selenium-opera-driver\3.141.59\selenium-opera-driver-3.141.59.jar;C:\Users\Qadir\.m2\repository\org\seleniumhq\selenium\selenium-remote-driver\3.141.59\selenium-remote-driver-3.141.59.jar;C:\Users\Qadir\.m2\repository\org\seleniumhq\selenium\selenium-safari-driver\3.141.59\selenium-safari-driver-3.141.59.jar;C:\Users\Qadir\.m2\repository\net\bytebuddy\byte-buddy\1.8.15\byte-buddy-1.8.15.jar;C:\Users\Qadir\.m2\repository\org\apache\commons\commons-exec\1.3\commons-exec-1.3.jar;C:\Users\Qadir\.m2\repository\com\google\guava\guava\25.0-jre\guava-25.0-jre.jar;C:\Users\Qadir\.m2\repository\com\google\code\findbugs\jsr305\1.3.9\jsr305-1.3.9.jar;C:\Users\Qadir\.m2\repository\org\checkerframework\checker-compat-qual\2.0.0\checker-compat-qual-2.0.0.jar;C:\Users\Qadir\.m2\repository\com\google\errorprone\error_prone_annotations\2.1.3\error_prone_annotations-2.1.3.jar;C:\Users\Qadir\.m2\repository\com\google\j2objc\j2objc-annotations\1.1\j2objc-annotations-1.1.jar;C:\Users\Qadir\.m2\repository\org\codehaus\mojo\animal-sniffer-annotations\1.14\animal-sniffer-annotations-1.14.jar;C:\Users\Qadir\.m2\repository\com\squareup\okhttp3\okhttp\3.11.0\okhttp-3.11.0.jar;C:\Users\Qadir\.m2\repository\com\squareup\okio\okio\1.14.0\okio-1.14.0.jar;C:\Users\Qadir\.m2\repository\org\seleniumhq\selenium\selenium-support\3.141.59\selenium-support-3.141.59.jar;C:\Users\Qadir\.m2\repository\org\seleniumhq\selenium\selenium-api\3.141.59\selenium-api-3.141.59.jar;C:\Users\Qadir\.m2\repository\com\google\code\gson\gson\2.8.6\gson-2.8.6.jar;C:\Users\Qadir\.m2\repository\org\apache\httpcomponents\httpclient\4.5.13\httpclient-4.5.13.jar;C:\Users\Qadir\.m2\repository\org\apache\httpcomponents\httpcore\4.4.13\httpcore-4.4.13.jar;C:\Users\Qadir\.m2\repository\commons-logging\commons-logging\1.2\commons-logging-1.2.jar;C:\Users\Qadir\.m2\repository\cglib\cglib\3.3.0\cglib-3.3.0.jar;C:\Users\Qadir\.m2\repository\org\ow2\asm\asm\7.1\asm-7.1.jar;C:\Users\Qadir\.m2\repository\commons-validator\commons-validator\1.7\commons-validator-1.7.jar;C:\Users\Qadir\.m2\repository\commons-beanutils\commons-beanutils\1.9.4\commons-beanutils-1.9.4.jar;C:\Users\Qadir\.m2\repository\commons-digester\commons-digester\2.1\commons-digester-2.1.jar;C:\Users\Qadir\.m2\repository\commons-collections\commons-collections\3.2.2\commons-collections-3.2.2.jar;C:\Users\Qadir\.m2\repository\org\apache\commons\commons-lang3\3.12.0\commons-lang3-3.12.0.jar;C:\Users\Qadir\.m2\repository\org\springframework\spring-context\5.3.4\spring-context-5.3.4.jar;C:\Users\Qadir\.m2\repository\org\springframework\spring-aop\5.3.4\spring-aop-5.3.4.jar;C:\Users\Qadir\.m2\repository\org\springframework\spring-beans\5.3.4\spring-beans-5.3.4.jar;C:\Users\Qadir\.m2\repository\org\springframework\spring-core\5.3.4\spring-core-5.3.4.jar;C:\Users\Qadir\.m2\repository\org\springframework\spring-jcl\5.3.4\spring-jcl-5.3.4.jar;C:\Users\Qadir\.m2\repository\org\springframework\spring-expression\5.3.4\spring-expression-5.3.4.jar;C:\Users\Qadir\.m2\repository\org\aspectj\aspectjweaver\1.9.6\aspectjweaver-1.9.6.jar;C:\Users\Qadir\.m2\repository\org\slf4j\slf4j-api\1.7.30\slf4j-api-1.7.30.jar;C:\Users\Qadir\.m2\repository\commons-codec\commons-codec\1.10\commons-codec-1.10.jar;C:\Users\Qadir\.m2\repository\commons-io\commons-io\2.5\commons-io-2.5.jar;C:\Users\Qadir\.m2\repository\org\testng\testng\7.4.0\testng-7.4.0.jar;C:\Users\Qadir\.m2\repository\com\beust\jcommander\1.78\jcommander-1.78.jar;C:\Users\Qadir\.m2\repository\org\webjars\jquery\3.5.1\jquery-3.5.1.jar;C:\Users\Qadir\.m2\repository\org\json\json\20210307\json-20210307.jar;C:\Users\Qadir\.m2\repository\org\apache\logging\log4j\log4j-core\2.14.1\log4j-core-2.14.1.jar;C:\Users\Qadir\.m2\repository\org\apache\logging\log4j\log4j-api\2.14.1\log4j-api-2.14.1.jar;C:\Users\Qadir\.m2\repository\com\aventstack\extentreports\5.0.8\extentreports-5.0.8.jar;C:\Users\Qadir\.m2\repository\io\reactivex\rxjava3\rxjava\3.0.4\rxjava-3.0.4.jar;C:\Users\Qadir\.m2\repository\org\reactivestreams\reactive-streams\1.0.3\reactive-streams-1.0.3.jar;C:\Users\Qadir\.m2\repository\org\freemarker\freemarker\2.3.30\freemarker-2.3.30.jar;C:\Users\Qadir\.m2\repository\org\projectlombok\lombok\1.18.12\lombok-1.18.12.jar;"/>
    <property name="java.vm.vendor" value="&quot;Oracle Corporation&quot;"/>
    <property name="sun.arch.data.model" value="64"/>
    <property name="user.variant" value=""/>
    <property name="java.vendor.url" value="http://java.oracle.com/"/>
    <property name="user.timezone" value="America/New_York"/>
    <property name="java.vm.specification.version" value="10"/>
    <property name="os.name" value="Windows 10"/>
    <property name="sun.java.launcher" value="SUN_STANDARD"/>
    <property name="user.country" value="US"/>
    <property name="sun.boot.library.path" value="C:\Program Files\Java\jdk-10.0.2\bin"/>
    <property name="sun.java.command" value="C:\Users\Qadir\AppData\Local\Temp\surefire2805366864627881488\surefirebooter17073054445849608069.jar C:\Users\Qadir\AppData\Local\Temp\surefire2805366864627881488 2021-05-27T19-17-46_925-jvmRun1 surefire4312242148561555985tmp surefire_017522180815671266388tmp"/>
    <property name="jdk.debug" value="release"/>
    <property name="surefire.test.class.path" value="C:\Users\Qadir\eclipse-workspace\Selenium Udemy\AppiumFramework\target\test-classes;C:\Users\Qadir\eclipse-workspace\Selenium Udemy\AppiumFramework\target\classes;C:\Users\Qadir\.m2\repository\io\appium\java-client\7.5.1\java-client-7.5.1.jar;C:\Users\Qadir\.m2\repository\org\seleniumhq\selenium\selenium-java\3.141.59\selenium-java-3.141.59.jar;C:\Users\Qadir\.m2\repository\org\seleniumhq\selenium\selenium-chrome-driver\3.141.59\selenium-chrome-driver-3.141.59.jar;C:\Users\Qadir\.m2\repository\org\seleniumhq\selenium\selenium-edge-driver\3.141.59\selenium-edge-driver-3.141.59.jar;C:\Users\Qadir\.m2\repository\org\seleniumhq\selenium\selenium-firefox-driver\3.141.59\selenium-firefox-driver-3.141.59.jar;C:\Users\Qadir\.m2\repository\org\seleniumhq\selenium\selenium-ie-driver\3.141.59\selenium-ie-driver-3.141.59.jar;C:\Users\Qadir\.m2\repository\org\seleniumhq\selenium\selenium-opera-driver\3.141.59\selenium-opera-driver-3.141.59.jar;C:\Users\Qadir\.m2\repository\org\seleniumhq\selenium\selenium-remote-driver\3.141.59\selenium-remote-driver-3.141.59.jar;C:\Users\Qadir\.m2\repository\org\seleniumhq\selenium\selenium-safari-driver\3.141.59\selenium-safari-driver-3.141.59.jar;C:\Users\Qadir\.m2\repository\net\bytebuddy\byte-buddy\1.8.15\byte-buddy-1.8.15.jar;C:\Users\Qadir\.m2\repository\org\apache\commons\commons-exec\1.3\commons-exec-1.3.jar;C:\Users\Qadir\.m2\repository\com\google\guava\guava\25.0-jre\guava-25.0-jre.jar;C:\Users\Qadir\.m2\repository\com\google\code\findbugs\jsr305\1.3.9\jsr305-1.3.9.jar;C:\Users\Qadir\.m2\repository\org\checkerframework\checker-compat-qual\2.0.0\checker-compat-qual-2.0.0.jar;C:\Users\Qadir\.m2\repository\com\google\errorprone\error_prone_annotations\2.1.3\error_prone_annotations-2.1.3.jar;C:\Users\Qadir\.m2\repository\com\google\j2objc\j2objc-annotations\1.1\j2objc-annotations-1.1.jar;C:\Users\Qadir\.m2\repository\org\codehaus\mojo\animal-sniffer-annotations\1.14\animal-sniffer-annotations-1.14.jar;C:\Users\Qadir\.m2\repository\com\squareup\okhttp3\okhttp\3.11.0\okhttp-3.11.0.jar;C:\Users\Qadir\.m2\repository\com\squareup\okio\okio\1.14.0\okio-1.14.0.jar;C:\Users\Qadir\.m2\repository\org\seleniumhq\selenium\selenium-support\3.141.59\selenium-support-3.141.59.jar;C:\Users\Qadir\.m2\repository\org\seleniumhq\selenium\selenium-api\3.141.59\selenium-api-3.141.59.jar;C:\Users\Qadir\.m2\repository\com\google\code\gson\gson\2.8.6\gson-2.8.6.jar;C:\Users\Qadir\.m2\repository\org\apache\httpcomponents\httpclient\4.5.13\httpclient-4.5.13.jar;C:\Users\Qadir\.m2\repository\org\apache\httpcomponents\httpcore\4.4.13\httpcore-4.4.13.jar;C:\Users\Qadir\.m2\repository\commons-logging\commons-logging\1.2\commons-logging-1.2.jar;C:\Users\Qadir\.m2\repository\cglib\cglib\3.3.0\cglib-3.3.0.jar;C:\Users\Qadir\.m2\repository\org\ow2\asm\asm\7.1\asm-7.1.jar;C:\Users\Qadir\.m2\repository\commons-validator\commons-validator\1.7\commons-validator-1.7.jar;C:\Users\Qadir\.m2\repository\commons-beanutils\commons-beanutils\1.9.4\commons-beanutils-1.9.4.jar;C:\Users\Qadir\.m2\repository\commons-digester\commons-digester\2.1\commons-digester-2.1.jar;C:\Users\Qadir\.m2\repository\commons-collections\commons-collections\3.2.2\commons-collections-3.2.2.jar;C:\Users\Qadir\.m2\repository\org\apache\commons\commons-lang3\3.12.0\commons-lang3-3.12.0.jar;C:\Users\Qadir\.m2\repository\org\springframework\spring-context\5.3.4\spring-context-5.3.4.jar;C:\Users\Qadir\.m2\repository\org\springframework\spring-aop\5.3.4\spring-aop-5.3.4.jar;C:\Users\Qadir\.m2\repository\org\springframework\spring-beans\5.3.4\spring-beans-5.3.4.jar;C:\Users\Qadir\.m2\repository\org\springframework\spring-core\5.3.4\spring-core-5.3.4.jar;C:\Users\Qadir\.m2\repository\org\springframework\spring-jcl\5.3.4\spring-jcl-5.3.4.jar;C:\Users\Qadir\.m2\repository\org\springframework\spring-expression\5.3.4\spring-expression-5.3.4.jar;C:\Users\Qadir\.m2\repository\org\aspectj\aspectjweaver\1.9.6\aspectjweaver-1.9.6.jar;C:\Users\Qadir\.m2\repository\org\slf4j\slf4j-api\1.7.30\slf4j-api-1.7.30.jar;C:\Users\Qadir\.m2\repository\commons-codec\commons-codec\1.10\commons-codec-1.10.jar;C:\Users\Qadir\.m2\repository\commons-io\commons-io\2.5\commons-io-2.5.jar;C:\Users\Qadir\.m2\repository\org\testng\testng\7.4.0\testng-7.4.0.jar;C:\Users\Qadir\.m2\repository\com\beust\jcommander\1.78\jcommander-1.78.jar;C:\Users\Qadir\.m2\repository\org\webjars\jquery\3.5.1\jquery-3.5.1.jar;C:\Users\Qadir\.m2\repository\org\json\json\20210307\json-20210307.jar;C:\Users\Qadir\.m2\repository\org\apache\logging\log4j\log4j-core\2.14.1\log4j-core-2.14.1.jar;C:\Users\Qadir\.m2\repository\org\apache\logging\log4j\log4j-api\2.14.1\log4j-api-2.14.1.jar;C:\Users\Qadir\.m2\repository\com\aventstack\extentreports\5.0.8\extentreports-5.0.8.jar;C:\Users\Qadir\.m2\repository\io\reactivex\rxjava3\rxjava\3.0.4\rxjava-3.0.4.jar;C:\Users\Qadir\.m2\repository\org\reactivestreams\reactive-streams\1.0.3\reactive-streams-1.0.3.jar;C:\Users\Qadir\.m2\repository\org\freemarker\freemarker\2.3.30\freemarker-2.3.30.jar;C:\Users\Qadir\.m2\repository\org\projectlombok\lombok\1.18.12\lombok-1.18.12.jar;"/>
    <property name="sun.cpu.endian" value="little"/>
    <property name="user.home" value="C:\Users\Qadir"/>
    <property name="user.language" value="en"/>
    <property name="java.specification.vendor" value="Oracle Corporation"/>
    <property name="java.version.date" value="2018-07-17"/>
    <property name="java.home" value="C:\Program Files\Java\jdk-10.0.2"/>
    <property name="file.separator" value="\"/>
    <property name="basedir" value="C:\Users\Qadir\eclipse-workspace\Selenium Udemy\AppiumFramework"/>
    <property name="java.vm.compressedOopsMode" value="32-bit"/>
    <property name="line.separator" value="&#10;"/>
    <property name="java.specification.name" value="Java Platform API Specification"/>
    <property name="java.vm.specification.vendor" value="Oracle Corporation"/>
    <property name="java.awt.graphicsenv" value="sun.awt.Win32GraphicsEnvironment"/>
    <property name="surefire.real.class.path" value="C:\Users\Qadir\AppData\Local\Temp\surefire2805366864627881488\surefirebooter17073054445849608069.jar"/>
    <property name="user.script" value=""/>
    <property name="sun.management.compiler" value="HotSpot 64-Bit Tiered Compilers"/>
    <property name="java.runtime.version" value="10.0.2+13"/>
    <property name="user.name" value="Qadir"/>
    <property name="path.separator" value=";"/>
    <property name="os.version" value="10.0"/>
    <property name="java.runtime.name" value="Java(TM) SE Runtime Environment"/>
    <property name="file.encoding" value="Cp1252"/>
    <property name="java.vm.name" value="Java HotSpot(TM) 64-Bit Server VM"/>
    <property name="java.vendor.version" value="18.3"/>
    <property name="localRepository" value="C:\Users\Qadir\.m2\repository"/>
    <property name="java.vendor.url.bug" value="http://bugreport.java.com/bugreport/"/>
    <property name="java.io.tmpdir" value="C:\Users\Qadir\AppData\Local\Temp\"/>
    <property name="java.version" value="10.0.2"/>
    <property name="user.dir" value="C:\Users\Qadir\eclipse-workspace\Selenium Udemy\AppiumFramework"/>
    <property name="os.arch" value="amd64"/>
    <property name="java.vm.specification.name" value="Java Virtual Machine Specification"/>
    <property name="java.awt.printerjob" value="sun.awt.windows.WPrinterJob"/>
    <property name="sun.os.patch.level" value=""/>
    <property name="java.library.path" value="C:\Program Files\Java\jdk-10.0.2\bin;C:\WINDOWS\Sun\Java\bin;C:\WINDOWS\system32;C:\WINDOWS;C:\Program Files (x86)\Common Files\Oracle\Java\javapath;C:\Program Files (x86)\Intel\iCLS Client\;C:\Program Files\Intel\iCLS Client\;C:\Windows\system32;C:\Windows;C:\Windows\System32\Wbem;C:\Windows\System32\WindowsPowerShell\v1.0\;C:\Program Files (x86)\Intel\Intel(R) Management Engine Components\DAL;C:\Program Files\Intel\Intel(R) Management Engine Components\DAL;C:\Program Files (x86)\Intel\Intel(R) Management Engine Components\IPT;C:\Program Files\Intel\Intel(R) Management Engine Components\IPT;C:\Program Files (x86)\NVIDIA Corporation\PhysX\Common;C:\WINDOWS\system32;C:\WINDOWS;C:\WINDOWS\System32\Wbem;C:\WINDOWS\System32\WindowsPowerShell\v1.0\;C:\WINDOWS\System32\OpenSSH\;C:\Program Files\NVIDIA Corporation\NVIDIA NvDLISR;C:\Program Files\Java\jdk-10.0.2\bin;C:\Program Files\nodejs\;C:\WINDOWS\system32;C:\WINDOWS;C:\WINDOWS\System32\Wbem;C:\WINDOWS\System32\WindowsPowerShell\v1.0\;C:\WINDOWS\System32\OpenSSH\;C:\Program Files\Git\cmd;C:\apache-maven-3.6.0\bin;C:\Users\Qadir\AppData\Local\Android\Sdk\tools\bin;C:\Users\Qadir\AppData\Local\Android\Sdk\tools;C:\Users\Qadir\AppData\Local\Android\Sdk\platform-tools;F:\Program Files\Android\Android Studio\jre\bin;C:\Program Files\MySQL\MySQL Shell 8.0\bin\;C:\Users\Qadir\AppData\Local\Microsoft\WindowsApps;C:\apache-maven-3.6.0\bin;C:\Users\Qadir\AppData\Roaming\npm;C:\Users\Qadir\AppData\Local\Programs\Microsoft VS Code\bin;;."/>
    <property name="java.vendor" value="Oracle Corporation"/>
    <property name="java.vm.info" value="mixed mode"/>
    <property name="java.vm.version" value="10.0.2+13"/>
    <property name="sun.io.unicode.encoding" value="UnicodeLittle"/>
    <property name="java.class.version" value="54.0"/>
  </properties>
  <testcase name="test1" classname="com.qa.test.ProductTest" time="15.563">
    <failure message="An element could not be located on the page using the given search parameters.&#10;For documentation on this error, please visit: https://www.seleniumhq.org/exceptions/no_such_element.html&#10;Build info: version: &apos;3.141.59&apos;, revision: &apos;e82be7d358&apos;, time: &apos;2018-11-14T08:17:03&apos;&#10;System info: host: &apos;LAPTOP-RNF7R3U9&apos;, ip: &apos;192.168.2.15&apos;, os.name: &apos;Windows 10&apos;, os.arch: &apos;amd64&apos;, os.version: &apos;10.0&apos;, java.version: &apos;10.0.2&apos;&#10;Driver info: io.appium.java_client.android.AndroidDriver&#10;Capabilities {app: C:\Users\Qadir\eclipse-work..., appActivity: com.swaglabsmobileapp.MainA..., appPackage: com.swaglabsmobileapp, autoAcceptAlerts: true, autoGrantPermissions: true, chromeDriverPort: 110000, databaseEnabled: false, desired: {app: C:\Users\Qadir\eclipse-work..., appActivity: com.swaglabsmobileapp.MainA..., appPackage: com.swaglabsmobileapp, autoAcceptAlerts: true, autoGrantPermissions: true, chromeDriverPort: 110000, deviceName: Galaxy S9, platformName: android, systemPort: 10000, udid: 50584a424e443498, unlockKey: 74159, unlockType: pin}, deviceApiLevel: 29, deviceManufacturer: samsung, deviceModel: SM-G960W, deviceName: 50584a424e443498, deviceScreenDensity: 480, deviceScreenSize: 1080x2220, deviceUDID: 50584a424e443498, javascriptEnabled: true, locationContextEnabled: false, networkConnectionEnabled: true, pixelRatio: 3, platform: LINUX, platformName: Android, platformVersion: 10, statBarHeight: 72, systemPort: 10000, takesScreenshot: true, udid: 50584a424e443498, unlockKey: 74159, unlockType: pin, viewportRect: {height: 2103, left: 0, top: 72, width: 1080}, warnings: {}, webStorageEnabled: false}&#10;Session ID: 23b4064f-511e-4128-bce4-c27ff6fbd55f&#10;*** Element info: {Using=accessibility id, value=olp}" type="org.openqa.selenium.NoSuchElementException"><![CDATA[org.openqa.selenium.NoSuchElementException: 
An element could not be located on the page using the given search parameters.
For documentation on this error, please visit: https://www.seleniumhq.org/exceptions/no_such_element.html
Build info: version: '3.141.59', revision: 'e82be7d358', time: '2018-11-14T08:17:03'
System info: host: 'LAPTOP-RNF7R3U9', ip: '192.168.2.15', os.name: 'Windows 10', os.arch: 'amd64', os.version: '10.0', java.version: '10.0.2'
Driver info: io.appium.java_client.android.AndroidDriver
Capabilities {app: C:\Users\Qadir\eclipse-work..., appActivity: com.swaglabsmobileapp.MainA..., appPackage: com.swaglabsmobileapp, autoAcceptAlerts: true, autoGrantPermissions: true, chromeDriverPort: 110000, databaseEnabled: false, desired: {app: C:\Users\Qadir\eclipse-work..., appActivity: com.swaglabsmobileapp.MainA..., appPackage: com.swaglabsmobileapp, autoAcceptAlerts: true, autoGrantPermissions: true, chromeDriverPort: 110000, deviceName: Galaxy S9, platformName: android, systemPort: 10000, udid: 50584a424e443498, unlockKey: 74159, unlockType: pin}, deviceApiLevel: 29, deviceManufacturer: samsung, deviceModel: SM-G960W, deviceName: 50584a424e443498, deviceScreenDensity: 480, deviceScreenSize: 1080x2220, deviceUDID: 50584a424e443498, javascriptEnabled: true, locationContextEnabled: false, networkConnectionEnabled: true, pixelRatio: 3, platform: LINUX, platformName: Android, platformVersion: 10, statBarHeight: 72, systemPort: 10000, takesScreenshot: true, udid: 50584a424e443498, unlockKey: 74159, unlockType: pin, viewportRect: {height: 2103, left: 0, top: 72, width: 1080}, warnings: {}, webStorageEnabled: false}
Session ID: 23b4064f-511e-4128-bce4-c27ff6fbd55f
*** Element info: {Using=accessibility id, value=olp}
	at com.qa.test.ProductTest.test1(ProductTest.java:168)
]]></failure>
    <system-out><![CDATA[[INFO ] 2021-05-27 19:17:59.220 com.qa.resources.BaseTest:209 - Appium server started
[INFO ] 2021-05-27 19:18:31.241 com.qa.resources.BaseTest:165 - in before method
[INFO ] 2021-05-27 19:18:31.765 com.qa.test.ProductTest:84 - Current test being executed test1
extent start
[INFO ] 2021-05-27 19:18:32.864 com.qa.resources.BaseTest:386 - Entering username standard_user
extent get
[INFO ] 2021-05-27 19:18:34.199 com.qa.pages.LoginPage:41 - 
 Entering password secret_sauce
[INFO ] 2021-05-27 19:18:34.859 com.qa.resources.BaseTest:386 - Entering Password secret_sauce
extent get
[INFO ] 2021-05-27 19:18:36.634 com.qa.pages.LoginPage:61 - 
 Clicking on login button
[INFO ] 2021-05-27 19:18:37.167 com.qa.resources.BaseTest:378 - Clicking login button
extent get
25:Android:Galaxy S9:com.qa.listeners.TestListener:org.openqa.selenium.NoSuchElementException: An element could not be located on the page using the given search parameters.
For documentation on this error, please visit: https://www.seleniumhq.org/exceptions/no_such_element.html
Build info: version: '3.141.59', revision: 'e82be7d358', time: '2018-11-14T08:17:03'
System info: host: 'LAPTOP-RNF7R3U9', ip: '192.168.2.15', os.name: 'Windows 10', os.arch: 'amd64', os.version: '10.0', java.version: '10.0.2'
Driver info: io.appium.java_client.android.AndroidDriver
Capabilities {app: C:\Users\Qadir\eclipse-work..., appActivity: com.swaglabsmobileapp.MainA..., appPackage: com.swaglabsmobileapp, autoAcceptAlerts: true, autoGrantPermissions: true, chromeDriverPort: 110000, databaseEnabled: false, desired: {app: C:\Users\Qadir\eclipse-work..., appActivity: com.swaglabsmobileapp.MainA..., appPackage: com.swaglabsmobileapp, autoAcceptAlerts: true, autoGrantPermissions: true, chromeDriverPort: 110000, deviceName: Galaxy S9, platformName: android, systemPort: 10000, udid: 50584a424e443498, unlockKey: 74159, unlockType: pin}, deviceApiLevel: 29, deviceManufacturer: samsung, deviceModel: SM-G960W, deviceName: 50584a424e443498, deviceScreenDensity: 480, deviceScreenSize: 1080x2220, deviceUDID: 50584a424e443498, javascriptEnabled: true, locationContextEnabled: false, networkConnectionEnabled: true, pixelRatio: 3, platform: LINUX, platformName: Android, platformVersion: 10, statBarHeight: 72, systemPort: 10000, takesScreenshot: true, udid: 50584a424e443498, unlockKey: 74159, unlockType: pin, viewportRect: {height: 2103, left: 0, top: 72, width: 1080}, warnings: {}, webStorageEnabled: false}
Session ID: 23b4064f-511e-4128-bce4-c27ff6fbd55f
*** Element info: {Using=accessibility id, value=olp}
	at java.base/jdk.internal.reflect.NativeConstructorAccessorImpl.newInstance0(Native Method)
	at java.base/jdk.internal.reflect.NativeConstructorAccessorImpl.newInstance(NativeConstructorAccessorImpl.java:62)
	at java.base/jdk.internal.reflect.DelegatingConstructorAccessorImpl.newInstance(DelegatingConstructorAccessorImpl.java:45)
	at java.base/java.lang.reflect.Constructor.newInstance(Constructor.java:488)
	at org.openqa.selenium.remote.http.W3CHttpResponseCodec.createException(W3CHttpResponseCodec.java:187)
	at org.openqa.selenium.remote.http.W3CHttpResponseCodec.decode(W3CHttpResponseCodec.java:122)
	at org.openqa.selenium.remote.http.W3CHttpResponseCodec.decode(W3CHttpResponseCodec.java:49)
	at org.openqa.selenium.remote.HttpCommandExecutor.execute(HttpCommandExecutor.java:158)
	at io.appium.java_client.remote.AppiumCommandExecutor.execute(AppiumCommandExecutor.java:247)
	at org.openqa.selenium.remote.RemoteWebDriver.execute(RemoteWebDriver.java:552)
	at io.appium.java_client.DefaultGenericMobileDriver.execute(DefaultGenericMobileDriver.java:41)
	at io.appium.java_client.AppiumDriver.execute(AppiumDriver.java:1)
	at io.appium.java_client.android.AndroidDriver.execute(AndroidDriver.java:1)
	at org.openqa.selenium.remote.RemoteWebDriver.findElement(RemoteWebDriver.java:323)
	at io.appium.java_client.DefaultGenericMobileDriver.findElement(DefaultGenericMobileDriver.java:61)
	at io.appium.java_client.AppiumDriver.findElement(AppiumDriver.java:1)
	at io.appium.java_client.android.AndroidDriver.findElement(AndroidDriver.java:1)
	at io.appium.java_client.FindsByAccessibilityId.findElementByAccessibilityId(FindsByAccessibilityId.java:37)
	at com.qa.test.ProductTest.test1(ProductTest.java:168)
	at java.base/jdk.internal.reflect.NativeMethodAccessorImpl.invoke0(Native Method)
	at java.base/jdk.internal.reflect.NativeMethodAccessorImpl.invoke(NativeMethodAccessorImpl.java:62)
	at java.base/jdk.internal.reflect.DelegatingMethodAccessorImpl.invoke(DelegatingMethodAccessorImpl.java:43)
	at java.base/java.lang.reflect.Method.invoke(Method.java:564)
	at org.testng.internal.MethodInvocationHelper.invokeMethod(MethodInvocationHelper.java:133)
	at org.testng.internal.TestInvoker.invokeMethod(TestInvoker.java:598)
	at org.testng.internal.TestInvoker.invokeTestMethod(TestInvoker.java:173)
	at org.testng.internal.MethodRunner.runInSequence(MethodRunner.java:46)
	at org.testng.internal.TestInvoker$MethodInvocationAgent.invoke(TestInvoker.java:824)
	at org.testng.internal.TestInvoker.invokeTestMethods(TestInvoker.java:146)
	at org.testng.internal.TestMethodWorker.invokeTestMethods(TestMethodWorker.java:146)
	at org.testng.internal.TestMethodWorker.run(TestMethodWorker.java:128)
	at java.base/java.util.ArrayList.forEach(ArrayList.java:1378)
	at org.testng.TestRunner.privateRun(TestRunner.java:794)
	at org.testng.TestRunner.run(TestRunner.java:596)
	at org.testng.SuiteRunner.runTest(SuiteRunner.java:377)
	at org.testng.SuiteRunner.access$000(SuiteRunner.java:28)
	at org.testng.SuiteRunner$SuiteWorker.run(SuiteRunner.java:418)
	at org.testng.internal.thread.ThreadUtil.lambda$execute$0(ThreadUtil.java:64)
	at java.base/java.util.concurrent.FutureTask.run(FutureTask.java:264)
	at java.base/java.util.concurrent.ThreadPoolExecutor.runWorker(ThreadPoolExecutor.java:1135)
	at java.base/java.util.concurrent.ThreadPoolExecutor$Worker.run(ThreadPoolExecutor.java:635)
	at java.base/java.lang.Thread.run(Thread.java:844)

extent get
extent get
]]></system-out>
    <system-err><![CDATA[SLF4J: Failed to load class "org.slf4j.impl.StaticLoggerBinder".
SLF4J: Defaulting to no-operation (NOP) logger implementation
SLF4J: See http://www.slf4j.org/codes.html#StaticLoggerBinder for further details.
May 27, 2021 7:18:26 PM io.appium.java_client.remote.AppiumCommandExecutor$1 lambda$0
INFO: Detected dialect: W3C
]]></system-err>
  </testcase>
</testsuite>