<?xml version="1.0" encoding="UTF-8"?>
<!-- Generated by org.testng.reporters.JUnitReportReporter -->
<testsuite hostname="LAPTOP-RNF7R3U9" failures="0" tests="1" name="com.qa.test.ProductTest" time="16.150" errors="0" timestamp="2021-05-27T17:59:41 EDT" skipped="0">
  <testcase classname="com.qa.test.ProductTest" name="test1" time="16.150"/>
  <system-out/>
</testsuite> <!-- com.qa.test.ProductTest -->
