<?xml version="1.0" encoding="UTF-8"?>
<!-- Generated by org.testng.reporters.JUnitReportReporter -->
<testsuite hostname="LAPTOP-RNF7R3U9" failures="0" tests="1" name="com.qa.resources.test" time="0.048" errors="0" timestamp="2021-05-04T08:53:33 EDT" skipped="0">
  <testcase classname="com.qa.resources.test" name="test" time="0.048"/>
  <system-out/>
</testsuite> <!-- com.qa.resources.test -->
